<?xml version="1.0" encoding="UTF-8"?>
<!-- Generated by org.testng.reporters.JUnitXMLReporter -->
<testsuite ignored="0" hostname="DESKTOP-S552G9G" failures="0" tests="3" name="Test-2" time="128.592" errors="0" timestamp="22 Aug 2024 07:56:23 GMT">
  <testcase classname="com.comcast.crm.contacttest.CreateContactTest" name="CreateContactTest" time="28.752"/>
  <testcase classname="com.comcast.crm.contacttest.CreateContactTest" name="createContactWithOrgTest" time="43.133"/>
  <testcase classname="com.comcast.crm.contacttest.CreateContactTest" name="createContactWithSupportDateTest" time="18.175"/>
</testsuite> <!-- Test-2 -->
