<?xml version="1.0" encoding="UTF-8"?>
<!-- Generated by org.testng.reporters.JUnitReportReporter -->
<testsuite hostname="DESKTOP-S552G9G" failures="0" tests="2" name="practice.test.CaptureMethodName" time="0.066" errors="0" timestamp="23 Aug 2024 09:37:57 GMT" skipped="0">
  <testcase classname="practice.test.CaptureMethodName" name="test1" time="0.061"/>
  <testcase classname="practice.test.CaptureMethodName" name="test2" time="0.005"/>
</testsuite> <!-- practice.test.CaptureMethodName -->
