<?xml version="1.0" encoding="UTF-8"?>
<!-- Generated by org.testng.reporters.JUnitReportReporter -->
<testsuite hostname="DESKTOP-S552G9G" failures="0" tests="1" name="com.comcast.crm.orgtest.CreateOrganizationTest" time="48.540" errors="0" timestamp="05 Sept 2024 04:48:31 GMT" skipped="0">
  <testcase classname="com.comcast.crm.orgtest.CreateOrganizationTest" name="createOrganizationTest" time="48.540"/>
</testsuite> <!-- com.comcast.crm.orgtest.CreateOrganizationTest -->
