<?xml version="1.0" encoding="UTF-8"?>
<!-- Generated by org.testng.reporters.JUnitReportReporter -->
<testsuite hostname="DESKTOP-S552G9G" failures="0" tests="1" name="com.comcast.crm.contacttest.CreateContactTest" time="72.257" errors="0" timestamp="05 Sept 2024 04:48:31 GMT" skipped="0">
  <testcase classname="com.comcast.crm.contacttest.CreateContactTest" name="CreateContactTest" time="72.257"/>
</testsuite> <!-- com.comcast.crm.contacttest.CreateContactTest -->
